<?xml version="1.0" encoding="UTF-8"?>
<!-- Generated by org.testng.reporters.JUnitReportReporter -->
<testsuite hostname="ATMECSINLT-085" failures="0" tests="4" name="TestNG.Cal.Calculator" time="0.028" errors="0" timestamp="20 Aug 2019 13:58:35 GMT" skipped="0">
  <testcase classname="TestNG.Cal.Calculator" name="Menu1" time="0.012"/>
  <testcase classname="TestNG.Cal.Calculator" name="Menu3" time="0.004"/>
  <testcase classname="TestNG.Cal.Calculator" name="Menu" time="0.012"/>
  <testcase classname="TestNG.Cal.Calculator" name="Menu2" time="0.000"/>
</testsuite> <!-- TestNG.Cal.Calculator -->
